# JRE version: Java(TM) SE Runtime Environment (19.0.1+10) (build 19.0.1+10-21)
# Java VM: Java HotSpot(TM) 64-Bit Server VM (19.0.1+10-21, mixed mode, sharing, tiered, compressed oops, compressed class ptrs, g1 gc, windows-amd64)
GC Precious Log:
 CardTable entry size: 512
 Card Set container configuration: InlinePtr #cards 5 size 8 Array Of Cards #cards 12 size 40 Howl #buckets 4 coarsen threshold 1843 Howl Bitmap #cards 512 size 80 coarsen threshold 460 Card regions per heap region 1 cards per card region 2048
 CPUs: 12 total, 12 available
 Memory: 7880M
 Large Page Support: Disabled
 NUMA Support: Disabled
 Compressed Oops: Enabled (32-bit)
 Heap Region Size: 1M
 Heap Min Capacity: 8M
 Heap Initial Capacity: 124M
 Heap Max Capacity: 1972M
 Pre-touch: Disabled
 Parallel Workers: 10
 Concurrent Workers: 3
 Concurrent Refinement Workers: 10
 Periodic GC: Disabled
Heap:
 garbage-first heap   total 91136K, used 48564K [0x0000000084c00000, 0x0000000100000000)
  region size 1024K, 18 young (18432K), 3 survivors (3072K)
 Metaspace       used 29531K, committed 29888K, reserved 1114112K
  class space    used 3419K, committed 3584K, reserved 1048576K
GC Heap History (20 events):
Event: 1.193 GC heap before
{Heap before GC invocations=1 (full 0):
 garbage-first heap   total 126976K, used 33716K [0x0000000084c00000, 0x0000000100000000)
  region size 1024K, 27 young (27648K), 3 survivors (3072K)
 Metaspace       used 9684K, committed 9920K, reserved 1114112K
  class space    used 1059K, committed 1152K, reserved 1048576K
}
Event: 1.202 GC heap after
{Heap after GC invocations=2 (full 0):
 garbage-first heap   total 126976K, used 15909K [0x0000000084c00000, 0x0000000100000000)
  region size 1024K, 4 young (4096K), 4 survivors (4096K)
 Metaspace       used 9684K, committed 9920K, reserved 1114112K
  class space    used 1059K, committed 1152K, reserved 1048576K
}
Event: 5.801 GC heap before
{Heap before GC invocations=2 (full 0):
 garbage-first heap   total 126976K, used 49701K [0x0000000084c00000, 0x0000000100000000)
  region size 1024K, 38 young (38912K), 4 survivors (4096K)
 Metaspace       used 21244K, committed 21504K, reserved 1114112K
  class space    used 2543K, committed 2688K, reserved 1048576K
}
Event: 5.809 GC heap after
{Heap after GC invocations=3 (full 0):
 garbage-first heap   total 126976K, used 19399K [0x0000000084c00000, 0x0000000100000000)
  region size 1024K, 8 young (8192K), 8 survivors (8192K)
 Metaspace       used 21244K, committed 21504K, reserved 1114112K
  class space    used 2543K, committed 2688K, reserved 1048576K
}
Event: 7.118 GC heap before
{Heap before GC invocations=4 (full 0):
 garbage-first heap   total 71680K, used 53191K [0x0000000084c00000, 0x0000000100000000)
  region size 1024K, 42 young (43008K), 8 survivors (8192K)
 Metaspace       used 23769K, committed 24128K, reserved 1114112K
  class space    used 2854K, committed 3008K, reserved 1048576K
}
Event: 7.123 GC heap after
{Heap after GC invocations=5 (full 0):
 garbage-first heap   total 71680K, used 19187K [0x0000000084c00000, 0x0000000100000000)
  region size 1024K, 2 young (2048K), 2 survivors (2048K)
 Metaspace       used 23769K, committed 24128K, reserved 1114112K
  class space    used 2854K, committed 3008K, reserved 1048576K
}
Event: 7.141 GC heap before
{Heap before GC invocations=5 (full 0):
 garbage-first heap   total 71680K, used 20211K [0x0000000084c00000, 0x0000000100000000)
  region size 1024K, 3 young (3072K), 2 survivors (2048K)
 Metaspace       used 23772K, committed 24128K, reserved 1114112K
  class space    used 2854K, committed 3008K, reserved 1048576K
}
Event: 7.142 GC heap after
{Heap after GC invocations=6 (full 0):
 garbage-first heap   total 71680K, used 19112K [0x0000000084c00000, 0x0000000100000000)
  region size 1024K, 1 young (1024K), 1 survivors (1024K)
 Metaspace       used 23772K, committed 24128K, reserved 1114112K
  class space    used 2854K, committed 3008K, reserved 1048576K
}
Event: 7.315 GC heap before
{Heap before GC invocations=6 (full 0):
 garbage-first heap   total 71680K, used 46760K [0x0000000084c00000, 0x0000000100000000)
  region size 1024K, 28 young (28672K), 1 survivors (1024K)
 Metaspace       used 23885K, committed 24192K, reserved 1114112K
  class space    used 2854K, committed 3008K, reserved 1048576K
}
Event: 7.316 GC heap after
{Heap after GC invocations=7 (full 0):
 garbage-first heap   total 71680K, used 19175K [0x0000000084c00000, 0x0000000100000000)
  region size 1024K, 1 young (1024K), 1 survivors (1024K)
 Metaspace       used 23885K, committed 24192K, reserved 1114112K
  class space    used 2854K, committed 3008K, reserved 1048576K
}
Event: 7.936 GC heap before
{Heap before GC invocations=7 (full 0):
 garbage-first heap   total 71680K, used 48871K [0x0000000084c00000, 0x0000000100000000)
  region size 1024K, 31 young (31744K), 1 survivors (1024K)
 Metaspace       used 26470K, committed 26816K, reserved 1114112K
  class space    used 3082K, committed 3264K, reserved 1048576K
}
Event: 7.937 GC heap after
{Heap after GC invocations=8 (full 0):
 garbage-first heap   total 71680K, used 19673K [0x0000000084c00000, 0x0000000100000000)
  region size 1024K, 1 young (1024K), 1 survivors (1024K)
 Metaspace       used 26470K, committed 26816K, reserved 1114112K
  class space    used 3082K, committed 3264K, reserved 1048576K
}
Event: 8.202 GC heap before
{Heap before GC invocations=8 (full 0):
 garbage-first heap   total 71680K, used 52441K [0x0000000084c00000, 0x0000000100000000)
  region size 1024K, 33 young (33792K), 1 survivors (1024K)
 Metaspace       used 29299K, committed 29696K, reserved 1114112K
  class space    used 3415K, committed 3584K, reserved 1048576K
}
Event: 8.204 GC heap after
{Heap after GC invocations=9 (full 0):
 garbage-first heap   total 71680K, used 21469K [0x0000000084c00000, 0x0000000100000000)
  region size 1024K, 2 young (2048K), 2 survivors (2048K)
 Metaspace       used 29299K, committed 29696K, reserved 1114112K
  class space    used 3415K, committed 3584K, reserved 1048576K
}
Event: 8.402 GC heap before
{Heap before GC invocations=9 (full 0):
 garbage-first heap   total 71680K, used 55261K [0x0000000084c00000, 0x0000000100000000)
  region size 1024K, 34 young (34816K), 2 survivors (2048K)
 Metaspace       used 29405K, committed 29760K, reserved 1114112K
  class space    used 3416K, committed 3584K, reserved 1048576K
}
Event: 8.407 GC heap after
{Heap after GC invocations=10 (full 0):
 garbage-first heap   total 71680K, used 21614K [0x0000000084c00000, 0x0000000100000000)
  region size 1024K, 2 young (2048K), 2 survivors (2048K)
 Metaspace       used 29405K, committed 29760K, reserved 1114112K
  class space    used 3416K, committed 3584K, reserved 1048576K
}
Event: 8.515 GC heap before
{Heap before GC invocations=10 (full 0):
 garbage-first heap   total 71680K, used 61550K [0x0000000084c00000, 0x0000000100000000)
  region size 1024K, 35 young (35840K), 2 survivors (2048K)
 Metaspace       used 29473K, committed 29824K, reserved 1114112K
  class space    used 3418K, committed 3584K, reserved 1048576K
}
Event: 8.516 GC heap after
{Heap after GC invocations=11 (full 0):
 garbage-first heap   total 91136K, used 26236K [0x0000000084c00000, 0x0000000100000000)
  region size 1024K, 3 young (3072K), 3 survivors (3072K)
 Metaspace       used 29473K, committed 29824K, reserved 1114112K
  class space    used 3418K, committed 3584K, reserved 1048576K
}
Event: 8.764 GC heap before
{Heap before GC invocations=11 (full 0):
 garbage-first heap   total 91136K, used 49788K [0x0000000084c00000, 0x0000000100000000)
  region size 1024K, 14 young (14336K), 3 survivors (3072K)
 Metaspace       used 29511K, committed 29824K, reserved 1114112K
  class space    used 3418K, committed 3584K, reserved 1048576K
}
Event: 8.767 GC heap after
{Heap after GC invocations=12 (full 0):
 garbage-first heap   total 91136K, used 28084K [0x0000000084c00000, 0x0000000100000000)
  region size 1024K, 3 young (3072K), 3 survivors (3072K)
 Metaspace       used 29511K, committed 29824K, reserved 1114112K
  class space    used 3418K, committed 3584K, reserved 1048576K
}

